\BOOKMARK [0][-]{chapter*.1}{\376\377\000T\000\363\000m\000\040\000t\036\257\000t}{}% 1
\BOOKMARK [0][-]{chapter*.2}{\376\377\000L\036\335\000i\000\040\000c\000a\000m\000\040\001\021\000o\000a\000n}{}% 2
\BOOKMARK [0][-]{chapter*.3}{\376\377\000L\036\335\000i\000\040\000c\036\243\000m\000\040\001\241\000n}{}% 3
\BOOKMARK [0][-]{chapter*.3}{\376\377\000D\000a\000n\000h\000\040\000m\036\345\000c\000\040\000b\036\243\000n\000g}{}% 4
\BOOKMARK [0][-]{chapter*.3}{\376\377\000D\000a\000n\000h\000\040\000m\036\345\000c\000\040\000h\000\354\000n\000h}{}% 5
\BOOKMARK [0][-]{chapter*.4}{\376\377\000D\000a\000n\000h\000\040\000m\036\345\000c\000\040\000k\000\375\000\040\000h\000i\036\307\000u\000\040\000v\000\340\000\040\000c\000h\036\357\000\040\000v\000i\036\277\000t\000\040\000t\036\257\000t}{}% 6
\BOOKMARK [0][-]{chapter*.5}{\376\377\000M\036\337\000\040\001\021\036\247\000u}{}% 7
\BOOKMARK [1][-]{section*.6}{\376\377\000L\000\375\000\040\000d\000o\000\040\000c\000h\036\315\000n\000\040\001\021\036\301\000\040\000t\000\340\000i}{chapter*.5}% 8
\BOOKMARK [1][-]{section*.6}{\376\377\000M\036\345\000c\000\040\000t\000i\000\352\000u\000\040\000c\036\347\000a\000\040\000k\000h\000\363\000a\000\040\000l\000u\036\255\000n}{chapter*.5}% 9
\BOOKMARK [1][-]{section*.6}{\376\377\001\020\036\321\000i\000\040\000t\001\260\036\343\000n\000g\000\040\000v\000\340\000\040\000p\000h\036\241\000m\000\040\000v\000i\000\040\000n\000g\000h\000i\000\352\000n\000\040\000c\036\351\000u}{chapter*.5}% 10
\BOOKMARK [1][-]{section*.6}{\376\377\000P\000h\001\260\001\241\000n\000g\000\040\000p\000h\000\341\000p\000\040\000t\000h\036\361\000c\000\040\000h\000i\036\307\000n}{chapter*.5}% 11
\BOOKMARK [1][-]{table.caption.7}{\376\377\001\020\000\363\000n\000g\000\040\000g\000\363\000p\000\040\000c\036\347\000a\000\040\000k\000h\000\363\000a\000\040\000l\000u\036\255\000n}{chapter*.5}% 12
\BOOKMARK [1][-]{table.caption.7}{\376\377\000B\036\321\000\040\000c\036\345\000c\000\040\000b\000\341\000o\000\040\000c\000\341\000o}{chapter*.5}% 13
\BOOKMARK [0][-]{chapter.1}{\376\377\000G\000i\036\333\000i\000\040\000t\000h\000i\036\307\000u\000\040\000c\000h\000u\000n\000g\000\040\000v\000\340\000\040\000c\001\241\000\040\000s\036\337\000\040\000b\000\340\000i\000\040\000t\000o\000\341\000n}{}% 14
\BOOKMARK [1][-]{section.1.1}{\376\377\000B\036\321\000i\000\040\000c\036\243\000n\000h\000\040\000t\000u\000y\036\303\000n\000\040\000d\036\345\000n\000g\000\040\000s\036\321}{chapter.1}% 15
\BOOKMARK [1][-]{section.1.2}{\376\377\000N\000h\000\363\000m\000\040\000n\000g\001\260\036\335\000i\000\040\000d\000\371\000n\000g\000\040\000v\000\340\000\040\000n\000h\000u\000\040\000c\036\247\000u}{chapter.1}% 16
\BOOKMARK [1][-]{section.1.3}{\376\377\000P\000h\000\341\000t\000\040\000b\000i\036\303\000u\000\040\000b\000\340\000i\000\040\000t\000o\000\341\000n}{chapter.1}% 17
\BOOKMARK [1][-]{section.1.4}{\376\377\000P\000h\036\241\000m\000\040\000v\000i\000\040\000M\000V\000P\000\040\000v\000\340\000\040\000c\000\341\000c\000\040\000n\000o\000n\000-\000g\000o\000a\000l\000s}{chapter.1}% 18
\BOOKMARK [1][-]{section.1.5}{\376\377\000C\000\341\000c\000\040\000k\000h\000\341\000i\000\040\000n\000i\036\307\000m\000\040\000n\036\301\000n\000\040\000t\036\243\000n\000g}{chapter.1}% 19
\BOOKMARK [2][-]{subsection.1.5.1}{\376\377\000Q\000u\000y\000\040\000t\000r\000\354\000n\000h\000\040\000A\000T\000S\000-\000l\000i\000t\000e}{section.1.5}% 20
\BOOKMARK [2][-]{subsection.1.5.2}{\376\377\000S\000t\000r\000u\000c\000t\000u\000r\000e\000d\000\040\000p\000a\000r\000s\000i\000n\000g}{section.1.5}% 21
\BOOKMARK [2][-]{subsection.1.5.3}{\376\377\000E\000m\000b\000e\000d\000d\000i\000n\000g\000\040\000v\000\340\000\040\000s\000e\000m\000a\000n\000t\000i\000c\000\040\000s\000i\000m\000i\000l\000a\000r\000i\000t\000y}{section.1.5}% 22
\BOOKMARK [2][-]{subsection.1.5.4}{\376\377\000E\000x\000p\000l\000a\000i\000n\000a\000b\000l\000e\000\040\000m\000a\000t\000c\000h\000i\000n\000g}{section.1.5}% 23
\BOOKMARK [1][-]{section.1.6}{\376\377\000M\000\364\000\040\000h\000\354\000n\000h\000\040\000h\000\363\000a\000\040\000y\000\352\000u\000\040\000c\036\247\000u\000\040\000t\000r\036\241\000n\000g\000\040\000t\000h\000\341\000i}{chapter.1}% 24
\BOOKMARK [1][-]{section.1.7}{\376\377\000K\036\277\000t\000\040\000l\000u\036\255\000n\000\040\000c\000h\001\260\001\241\000n\000g}{chapter.1}% 25
\BOOKMARK [0][-]{chapter.2}{\376\377\000M\000\364\000\040\000h\000\354\000n\000h\000\040\000v\000\340\000\040\000k\036\371\000\040\000t\000h\000u\036\255\000t\000\040\000n\036\301\000n\000\040\000t\036\243\000n\000g}{}% 26
\BOOKMARK [1][-]{section.2.1}{\376\377\001\020\036\267\000t\000\040\000v\036\245\000n\000\040\001\021\036\301\000\040\000h\036\315\000c\000\040\000t\000h\000u\036\255\000t\000\040\000c\000h\000o\000\040\000b\000\340\000i\000\040\000t\000o\000\341\000n\000\040\000C\000V\040\023\000J\000D\000\040\000m\000a\000t\000c\000h\000i\000n\000g}{chapter.2}% 27
\BOOKMARK [1][-]{section.2.2}{\376\377\000R\000e\000l\000a\000t\000e\000d\000\040\000W\000o\000r\000k\000\040\000t\000h\000e\000o\000\040\000c\036\345\000m\000\040\000p\000h\001\260\001\241\000n\000g\000\040\000p\000h\000\341\000p}{chapter.2}% 28
\BOOKMARK [2][-]{subsection.2.2.1}{\376\377\000N\000h\000\363\000m\000\040\000l\000e\000x\000i\000c\000a\000l\000\040\000r\000e\000t\000r\000i\000e\000v\000a\000l\000\040\000v\000\340\000\040\000p\000r\000o\000b\000a\000b\000i\000l\000i\000s\000t\000i\000c\000\040\000r\000a\000n\000k\000i\000n\000g}{section.2.2}% 29
\BOOKMARK [2][-]{subsection.2.2.2}{\376\377\000N\000h\000\363\000m\000\040\000d\000e\000n\000s\000e\000\040\000r\000e\000t\000r\000i\000e\000v\000a\000l\000\040\000v\000\340\000\040\000b\000i\036\303\000u\000\040\000d\000i\036\305\000n\000\040\000n\000g\036\357\000\040\000n\000g\000h\001\051\000a}{section.2.2}% 30
\BOOKMARK [2][-]{subsection.2.2.3}{\376\377\000N\000h\000\363\000m\000\040\000h\000y\000b\000r\000i\000d\000\040\000r\000e\000t\000r\000i\000e\000v\000a\000l\000\040\000v\000\340\000\040\000l\000a\000t\000e\000\040\000i\000n\000t\000e\000r\000a\000c\000t\000i\000o\000n}{section.2.2}% 31
\BOOKMARK [2][-]{subsection.2.2.4}{\376\377\000N\000h\000\363\000m\000\040\000l\000e\000a\000r\000n\000i\000n\000g\000-\000t\000o\000-\000r\000a\000n\000k\000\040\000v\000\340\000\040\000r\000e\000r\000a\000n\000k\000i\000n\000g}{section.2.2}% 32
\BOOKMARK [2][-]{subsection.2.2.5}{\376\377\000N\000h\000\363\000m\000\040\000e\000x\000p\000l\000a\000i\000n\000a\000b\000i\000l\000i\000t\000y\000\040\000c\000h\000o\000\040\000r\000a\000n\000k\000i\000n\000g\000\040\000v\000\340\000\040\000a\000l\000g\000o\000r\000i\000t\000h\000m\000i\000c\000\040\000h\000i\000r\000i\000n\000g}{section.2.2}% 33
\BOOKMARK [2][-]{subsection.2.2.6}{\376\377\000N\000h\000\363\000m\000\040\000A\000T\000S\000\040\000w\000o\000r\000k\000f\000l\000o\000w\000\040\000o\000r\000c\000h\000e\000s\000t\000r\000a\000t\000i\000o\000n\000\040\000t\000r\000o\000n\000g\000\040\000t\000h\036\361\000c\000\040\000t\000i\036\305\000n}{section.2.2}% 34
\BOOKMARK [1][-]{section.2.3}{\376\377\000M\000\364\000\040\000h\000\354\000n\000h\000\040\000t\000o\000\341\000n\000\040\000h\036\315\000c\000\040\000c\000h\000o\000\040\000x\036\277\000p\000\040\000h\036\241\000n\000g\000\040\000n\000h\000i\036\301\000u\000\040\000t\036\247\000n\000g}{chapter.2}% 35
\BOOKMARK [1][-]{section.2.4}{\376\377\000P\000s\000e\000u\000d\000o\000-\000c\000o\000d\000e\000\040\000c\000h\000o\000\040\000p\000i\000p\000e\000l\000i\000n\000e\000\040\000r\000e\000t\000r\000i\000e\000v\000a\000l\000\040\000-\000>\000\040\000r\000e\000r\000a\000n\000k}{chapter.2}% 36
\BOOKMARK [1][-]{section.2.5}{\376\377\000P\000h\000\342\000n\000\040\000t\000\355\000c\000h\000\040\001\260\000u\000/\000n\000h\001\260\036\343\000c\000\040\000v\000\340\000\040\001\021\000i\036\301\000u\000\040\000k\000i\036\307\000n\000\040\000\341\000p\000\040\000d\036\345\000n\000g\000\040\000t\000h\000e\000o\000\040\000t\036\353\000n\000g\000\040\000n\000h\000\363\000m}{chapter.2}% 37
\BOOKMARK [2][-]{subsection.2.5.1}{\376\377\000L\000e\000x\000i\000c\000a\000l\000\040\000r\000e\000t\000r\000i\000e\000v\000a\000l}{section.2.5}% 38
\BOOKMARK [2][-]{subsection.2.5.2}{\376\377\000D\000e\000n\000s\000e\000\040\000r\000e\000t\000r\000i\000e\000v\000a\000l}{section.2.5}% 39
\BOOKMARK [2][-]{subsection.2.5.3}{\376\377\000H\000y\000b\000r\000i\000d\000\040\000r\000e\000t\000r\000i\000e\000v\000a\000l}{section.2.5}% 40
\BOOKMARK [2][-]{subsection.2.5.4}{\376\377\000R\000e\000r\000a\000n\000k\000i\000n\000g\000/\000L\000T\000R}{section.2.5}% 41
\BOOKMARK [1][-]{section.2.6}{\376\377\000V\000\354\000\040\000s\000a\000o\000\040\000k\000h\000\364\000n\000g\000\040\000c\000h\036\315\000n\000\040\000c\000\341\000c\000\040\000h\001\260\036\333\000n\000g\000\040\000t\000h\000a\000y\000\040\000t\000h\036\277\000\040\000l\000\340\000m\000\040\000l\000\365\000i\000\040\000M\000V\000P}{chapter.2}% 42
\BOOKMARK [2][-]{subsection.2.6.1}{\376\377\000K\000h\000\364\000n\000g\000\040\000c\000h\036\315\000n\000\040\000k\000e\000y\000w\000o\000r\000d\000-\000o\000n\000l\000y\000\040\000l\000\340\000m\000\040\000l\000\365\000i}{section.2.6}% 43
\BOOKMARK [2][-]{subsection.2.6.2}{\376\377\000K\000h\000\364\000n\000g\000\040\000c\000h\036\315\000n\000\040\000d\000e\000n\000s\000e\000\040\000e\000n\000d\000-\000t\000o\000-\000e\000n\000d\000\040\000b\000l\000a\000c\000k\000b\000o\000x}{section.2.6}% 44
\BOOKMARK [2][-]{subsection.2.6.3}{\376\377\000K\000h\000\364\000n\000g\000\040\000c\000h\036\315\000n\000\040\000K\000G\000-\000h\000e\000a\000v\000y\000\040\000n\000g\000a\000y\000\040\000t\036\353\000\040\001\021\036\247\000u}{section.2.6}% 45
\BOOKMARK [2][-]{subsection.2.6.4}{\376\377\000K\000h\000\364\000n\000g\000\040\000c\000h\036\315\000n\000\040\000m\000u\000l\000t\000i\000-\000a\000g\000e\000n\000t\000\040\000o\000r\000c\000h\000e\000s\000t\000r\000a\000t\000i\000o\000n\000\040\000p\000h\036\351\000c\000\040\000t\036\241\000p}{section.2.6}% 46
\BOOKMARK [1][-]{section.2.7}{\376\377\000H\000\354\000n\000h\000\040\000m\000i\000n\000h\000\040\000h\036\315\000a\000\040\000k\000i\036\277\000n\000\040\000t\000r\000\372\000c\000\040\000v\000\340\000\040\000l\000u\036\323\000n\000g\000\040\000k\036\371\000\040\000t\000h\000u\036\255\000t\000\040\000\050\000p\000l\000a\000c\000e\000h\000o\000l\000d\000e\000r\000\051}{chapter.2}% 47
\BOOKMARK [1][-]{section.2.8}{\376\377\000K\036\277\000t\000\040\000n\036\321\000i\000\040\000t\036\353\000\040\000l\000\375\000\040\000t\000h\000u\000y\036\277\000t\000\040\000s\000a\000n\000g\000\040\000t\000h\000i\036\277\000t\000\040\000k\036\277\000\040\000J\000o\000b\000C\000o\000n\000n\000e\000c\000t}{chapter.2}% 48
\BOOKMARK [1][-]{section.2.9}{\376\377\000M\000a\000\040\000t\000r\036\255\000n\000\040\000s\000o\000\040\000s\000\341\000n\000h\000\040\000p\000h\001\260\001\241\000n\000g\000\040\000p\000h\000\341\000p\000\040\000t\000h\000e\000o\000\040\000k\036\313\000c\000h\000\040\000b\036\243\000n\000\040\000t\000u\000y\036\303\000n\000\040\000d\036\345\000n\000g}{chapter.2}% 49
\BOOKMARK [1][-]{section.2.10}{\376\377\000N\000g\000u\000y\000\352\000n\000\040\000t\036\257\000c\000\040\000c\000h\036\315\000n\000\040\000c\036\245\000u\000\040\000h\000\354\000n\000h\000\040\000r\000e\000t\000r\000i\000e\000v\000a\000l\000\040\000t\000h\000e\000o\000\040\000m\036\351\000c\000\040\000t\000r\001\260\036\337\000n\000g\000\040\000t\000h\000\340\000n\000h\000\040\000d\036\357\000\040\000l\000i\036\307\000u}{chapter.2}% 50
\BOOKMARK [1][-]{section.2.11}{\376\377\000R\036\347\000i\000\040\000r\000o\000\040\000k\036\371\000\040\000t\000h\000u\036\255\000t\000\040\000v\000\340\000\040\001\021\000i\036\303\000m\000\040\000g\000\343\000y\000\040\000t\000h\001\260\036\335\000n\000g\000\040\000g\036\267\000p\000\040\000t\000r\000o\000n\000g\000\040\000p\000i\000p\000e\000l\000i\000n\000e\000\040\000r\000e\000t\000r\000i\000e\000v\000a\000l}{chapter.2}% 51
\BOOKMARK [1][-]{section.2.12}{\376\377\000M\036\337\000\040\000r\036\331\000n\000g\000\040\000v\036\301\000\040\000f\000a\000i\000r\000n\000e\000s\000s\000,\000\040\000b\000i\000a\000s\000\040\000v\000\340\000\040\000t\000r\000\341\000c\000h\000\040\000n\000h\000i\036\307\000m\000\040\000g\000i\036\243\000i\000\040\000t\000r\000\354\000n\000h\000\040\000t\000r\000o\000n\000g\000\040\000m\000a\000t\000c\000h\000i\000n\000g}{chapter.2}% 52
\BOOKMARK [1][-]{section.2.13}{\376\377\000C\000h\000e\000c\000k\000l\000i\000s\000t\000\040\000k\036\371\000\040\000t\000h\000u\036\255\000t\000\040\000k\000h\000i\000\040\000\341\000p\000\040\000d\036\345\000n\000g\000\040\000l\000\375\000\040\000t\000h\000u\000y\036\277\000t\000\040\000v\000\340\000o\000\040\000t\000r\000i\036\303\000n\000\040\000k\000h\000a\000i}{chapter.2}% 53
\BOOKMARK [1][-]{section.2.14}{\376\377\000K\000h\000u\000n\000g\000\040\001\021\036\313\000n\000h\000\040\000l\001\260\036\343\000n\000g\000\040\000c\000h\000i\000\040\000p\000h\000\355\040\023\000l\036\343\000i\000\040\000\355\000c\000h\000\040\000t\000h\000e\000o\000\040\000v\000\362\000n\000g\000\040\001\021\036\335\000i\000\040\000h\036\307\000\040\000t\000h\036\321\000n\000g}{chapter.2}% 54
\BOOKMARK [1][-]{section.2.15}{\376\377\000D\000o\000m\000a\000i\000n\000\040\000s\000h\000i\000f\000t\000\040\000t\000r\000o\000n\000g\000\040\000C\000V\040\023\000J\000D\000\040\000v\000\340\000\040\000c\000h\000i\036\277\000n\000\040\000l\001\260\036\343\000c\000\040\000t\000h\000\355\000c\000h\000\040\000n\000g\000h\000i}{chapter.2}% 55
\BOOKMARK [1][-]{section.2.16}{\376\377\000K\000h\000u\000n\000g\000\040\000p\000h\000\342\000n\000\040\000t\036\247\000n\000g\000\040\000b\036\261\000n\000g\000\040\000c\000h\036\351\000n\000g\000\040\000k\000h\000o\000a\000\040\000h\036\315\000c\000\040\000c\000h\000o\000\040\000q\000u\000y\036\277\000t\000\040\001\021\036\313\000n\000h\000\040\000t\000h\000i\036\277\000t\000\040\000k\036\277}{chapter.2}% 56
\BOOKMARK [1][-]{section.2.17}{\376\377\000K\036\277\000t\000\040\000l\000u\036\255\000n\000\040\000c\000h\001\260\001\241\000n\000g}{chapter.2}% 57
\BOOKMARK [0][-]{chapter.3}{\376\377\000P\000h\000\342\000n\000\040\000t\000\355\000c\000h\000\040\000v\000\340\000\040\000t\000h\000i\036\277\000t\000\040\000k\036\277\000\040\000h\036\307\000\040\000t\000h\036\321\000n\000g\000\040\001\021\036\301\000\040\000x\000u\036\245\000t}{}% 58
\BOOKMARK [1][-]{section.3.1}{\376\377\000T\000h\000i\036\277\000t\000\040\000k\036\277\000\040\000t\000h\000e\000o\000\040\000t\001\260\000\040\000d\000u\000y\000\040\000d\000e\000c\000i\000s\000i\000o\000n\000\040\000a\000r\000c\000h\000i\000t\000e\000c\000t\000u\000r\000e}{chapter.3}% 59
\BOOKMARK [1][-]{section.3.2}{\376\377\000B\036\321\000i\000\040\000c\036\243\000n\000h\000\040\000r\000\340\000n\000g\000\040\000b\000u\036\331\000c\000\040\000v\000\340\000\040\000y\000\352\000u\000\040\000c\036\247\000u\000\040\000t\000h\000i\036\277\000t\000\040\000k\036\277}{chapter.3}% 60
\BOOKMARK [2][-]{subsection.3.2.1}{\376\377\000R\000\340\000n\000g\000\040\000b\000u\036\331\000c\000\040\000d\036\357\000\040\000l\000i\036\307\000u}{section.3.2}% 61
\BOOKMARK [2][-]{subsection.3.2.2}{\376\377\000R\000\340\000n\000g\000\040\000b\000u\036\331\000c\000\040\000v\036\255\000n\000\040\000h\000\340\000n\000h}{section.3.2}% 62
\BOOKMARK [2][-]{subsection.3.2.3}{\376\377\000R\000\340\000n\000g\000\040\000b\000u\036\331\000c\000\040\000t\036\325\000\040\000c\000h\036\351\000c\000\040\000v\000\340\000\040\000g\000o\000v\000e\000r\000n\000a\000n\000c\000e}{section.3.2}% 63
\BOOKMARK [1][-]{section.3.3}{\376\377\000T\000h\000i\036\277\000t\000\040\000k\036\277\000\040\000t\036\325\000n\000g\000\040\000t\000h\036\303\000\040\000t\000h\000e\000o\000\040\000l\036\333\000p\000\040\000t\000r\000\341\000c\000h\000\040\000n\000h\000i\036\307\000m}{chapter.3}% 64
\BOOKMARK [1][-]{section.3.4}{\376\377\000D\000e\000s\000i\000g\000n\000\040\000D\000e\000c\000i\000s\000i\000o\000n\000\040\000L\000o\000g\000\040\000\050\000D\000D\000L\000\051}{chapter.3}% 65
\BOOKMARK [1][-]{section.3.5}{\376\377\000T\000h\000i\036\277\000t\000\040\000k\036\277\000\040\000c\000h\000i\000\040\000t\000i\036\277\000t\000\040\000p\000i\000p\000e\000l\000i\000n\000e\000\040\000d\036\357\000\040\000l\000i\036\307\000u\000\040\000C\000V\040\023\000J\000D}{chapter.3}% 66
\BOOKMARK [2][-]{subsection.3.5.1}{\376\377\000I\000n\000g\000e\000s\000t\000\040\000v\000\340\000\040\000m\000e\000t\000a\000d\000a\000t\000a\000\040\000c\000a\000p\000t\000u\000r\000e}{section.3.5}% 67
\BOOKMARK [2][-]{subsection.3.5.2}{\376\377\000P\000a\000r\000s\000e\000\040\000v\000\340\000\040\000c\000h\000u\036\251\000n\000\040\000h\000\363\000a\000\040\000t\000r\001\260\036\335\000n\000g}{section.3.5}% 68
\BOOKMARK [2][-]{subsection.3.5.3}{\376\377\000R\000e\000v\000i\000e\000w\000\040\000g\000a\000t\000e\000\040\000t\000r\001\260\036\333\000c\000\040\000p\000u\000b\000l\000i\000s\000h}{section.3.5}% 69
\BOOKMARK [1][-]{section.3.6}{\376\377\000T\000h\000i\036\277\000t\000\040\000k\036\277\000\040\000m\000a\000t\000c\000h\000i\000n\000g\000\040\000h\000a\000i\000\040\000t\036\247\000n\000g\000\040\000v\000\340\000\040\000h\036\343\000p\000\040\000n\000h\036\245\000t\000\040\001\021\000i\036\303\000m}{chapter.3}% 70
\BOOKMARK [2][-]{subsection.3.6.1}{\376\377\000T\036\247\000n\000g\000\040\000h\000a\000r\000d\000\040\000f\000i\000l\000t\000e\000r}{section.3.6}% 71
\BOOKMARK [2][-]{subsection.3.6.2}{\376\377\000T\036\247\000n\000g\000\040\000s\000e\000m\000a\000n\000t\000i\000c\000\040\000s\000c\000o\000r\000i\000n\000g}{section.3.6}% 72
\BOOKMARK [2][-]{subsection.3.6.3}{\376\377\000W\000e\000i\000g\000h\000t\000e\000d\000\040\000f\000u\000s\000i\000o\000n\000\040\000v\000\340\000\040\000c\000a\000l\000i\000b\000r\000a\000t\000i\000o\000n}{section.3.6}% 73
\BOOKMARK [1][-]{section.3.7}{\376\377\000P\000s\000e\000u\000d\000o\000-\000c\000o\000d\000e\000\040\000c\000h\000o\000\040\000h\000a\000r\000d\000-\000f\000i\000l\000t\000e\000r\000\040\000+\000\040\000s\000c\000o\000r\000i\000n\000g\000\040\000+\000\040\000e\000x\000p\000l\000a\000n\000a\000t\000i\000o\000n}{chapter.3}% 74
\BOOKMARK [1][-]{section.3.8}{\376\377\000T\000h\000i\036\277\000t\000\040\000k\036\277\000\040\000e\000x\000p\000l\000a\000i\000n\000a\000b\000i\000l\000i\000t\000y\000\040\000v\000\340\000\040\000r\000i\000s\000k\000\040\000f\000l\000a\000g\000s}{chapter.3}% 75
\BOOKMARK [1][-]{section.3.9}{\376\377\000T\000h\000i\036\277\000t\000\040\000k\036\277\000\040\000A\000T\000S\000\040\000s\000t\000a\000t\000e\000\040\000m\000a\000c\000h\000i\000n\000e\000\040\000v\000\340\000\040\000o\000r\000c\000h\000e\000s\000t\000r\000a\000t\000i\000o\000n}{chapter.3}% 76
\BOOKMARK [1][-]{section.3.10}{\376\377\000F\000a\000u\000l\000t\000\040\000i\000s\000o\000l\000a\000t\000i\000o\000n\000\040\000v\000\340\000\040\000f\000a\000i\000l\000u\000r\000e\000\040\000m\000o\000d\000e\000s}{chapter.3}% 77
\BOOKMARK [1][-]{section.3.11}{\376\377\000C\000o\000n\000t\000r\000a\000c\000t\000-\000f\000i\000r\000s\000t\000\040\000A\000P\000I\000,\000\040\000o\000b\000s\000e\000r\000v\000a\000b\000i\000l\000i\000t\000y\000\040\000v\000\340\000\040\000a\000u\000d\000i\000t\000\040\000t\000r\000a\000i\000l}{chapter.3}% 78
\BOOKMARK [1][-]{section.3.12}{\376\377\000P\000h\000\342\000n\000\040\000t\000\355\000c\000h\000\040\000l\036\361\000a\000\040\000c\000h\036\315\000n\000\040\000t\000h\000a\000y\000\040\000t\000h\036\277\000\040\000v\000\340\000\040\000l\000\375\000\040\000d\000o\000\040\000l\000o\036\241\000i\000\040\000t\000r\036\353}{chapter.3}% 79
\BOOKMARK [2][-]{subsection.3.12.1}{\376\377\000A\000l\000t\000e\000r\000n\000a\000t\000i\000v\000e\000\040\000A\000:\000\040\000m\000o\000n\000o\000l\000i\000t\000h\000i\000c\000\040\000e\000n\000d\000-\000t\000o\000-\000e\000n\000d\000\040\000m\000o\000d\000e\000l}{section.3.12}% 80
\BOOKMARK [2][-]{subsection.3.12.2}{\376\377\000A\000l\000t\000e\000r\000n\000a\000t\000i\000v\000e\000\040\000B\000:\000\040\000r\000u\000l\000e\000-\000b\000a\000s\000e\000d\000\040\000h\000e\000a\000v\000y\000\040\000s\000y\000s\000t\000e\000m}{section.3.12}% 81
\BOOKMARK [2][-]{subsection.3.12.3}{\376\377\000A\000l\000t\000e\000r\000n\000a\000t\000i\000v\000e\000\040\000C\000:\000\040\000K\000G\000-\000h\000e\000a\000v\000y\000\040\000+\000\040\000m\000u\000l\000t\000i\000-\000a\000g\000e\000n\000t\000\040\000f\000r\000o\000m\000\040\000d\000a\000y\000\040\000o\000n\000e}{section.3.12}% 82
\BOOKMARK [1][-]{section.3.13}{\376\377\000P\000h\000\342\000n\000\040\000r\000\343\000\040\000f\000a\000i\000l\000u\000r\000e\000\040\000m\000o\000d\000e\000\040\000t\000h\000e\000o\000\040\000l\036\333\000p\000\040\000v\000\340\000\040\000c\000h\000i\036\277\000n\000\040\000l\001\260\036\343\000c\000\040\000p\000h\036\345\000c\000\040\000h\036\323\000i}{chapter.3}% 83
\BOOKMARK [1][-]{section.3.14}{\376\377\000K\000h\000u\000n\000g\000\040\000t\000e\000s\000t\000a\000b\000i\000l\000i\000t\000y\000\040\000c\000h\000o\000\040\000d\000e\000c\000i\000s\000i\000o\000n\000\040\000a\000r\000c\000h\000i\000t\000e\000c\000t\000u\000r\000e}{chapter.3}% 84
\BOOKMARK [1][-]{section.3.15}{\376\377\000B\036\325\000\040\000s\000u\000n\000g\000\040\000t\000h\000i\036\277\000t\000\040\000k\036\277\000\040\000d\036\357\000\040\000l\000i\036\307\000u\000\040\000q\000u\000a\000n\000\040\000s\000\341\000t\000\040\000\050\000o\000b\000s\000e\000r\000v\000a\000b\000i\000l\000i\000t\000y\000\040\000d\000a\000t\000a\000\040\000m\000o\000d\000e\000l\000\051}{chapter.3}% 85
\BOOKMARK [1][-]{section.3.16}{\376\377\000K\000i\036\277\000n\000\040\000t\000r\000\372\000c\000\040\000m\036\337\000\040\000r\036\331\000n\000g\000\040\000t\000h\000e\000o\000\040\000t\036\353\000n\000g\000\040\000p\000h\000a\000\040\000m\000\340\000\040\000k\000h\000\364\000n\000g\000\040\000p\000h\000\341\000\040\000v\036\341\000\040\000l\000\365\000i}{chapter.3}% 86
\BOOKMARK [1][-]{section.3.17}{\376\377\000C\000h\000i\036\277\000n\000\040\000l\001\260\036\343\000c\000\040\000v\000e\000r\000s\000i\000o\000n\000i\000n\000g\000\040\000p\000o\000l\000i\000c\000y\040\023\000m\000o\000d\000e\000l\040\023\000i\000n\000d\000e\000x\000\040\000v\000\340\000\040\000r\000o\000l\000l\000b\000a\000c\000k\000\040\000a\000n\000\040\000t\000o\000\340\000n}{chapter.3}% 87
\BOOKMARK [1][-]{section.3.18}{\376\377\000A\000n\000t\000i\000-\000p\000a\000t\000t\000e\000r\000n\000\040\000k\000i\036\277\000n\000\040\000t\000r\000\372\000c\000\040\000c\036\247\000n\000\040\000t\000r\000\341\000n\000h\000\040\000t\000r\000o\000n\000g\000\040\000h\036\307\000\040\000m\000a\000t\000c\000h\000i\000n\000g\000\040\000t\000u\000y\036\303\000n\000\040\000d\036\345\000n\000g}{chapter.3}% 88
\BOOKMARK [1][-]{section.3.19}{\376\377\000K\000h\000u\000n\000g\000\040\000o\000w\000n\000e\000r\000s\000h\000i\000p\000\040\000v\000\340\000\040\000t\000r\000\341\000c\000h\000\040\000n\000h\000i\036\307\000m\000\040\000v\036\255\000n\000\040\000h\000\340\000n\000h\000\040\000t\000h\000e\000o\000\040\000l\036\333\000p}{chapter.3}% 89
\BOOKMARK [1][-]{section.3.20}{\376\377\000K\036\277\000t\000\040\000l\000u\036\255\000n\000\040\000c\000h\001\260\001\241\000n\000g}{chapter.3}% 90
\BOOKMARK [0][-]{chapter.4}{\376\377\000C\000\340\000i\000\040\001\021\036\267\000t\000\040\000t\000h\036\361\000c\000\040\000n\000g\000h\000i\036\307\000m\000\040\000v\000\340\000\040\001\021\000\341\000n\000h\000\040\000g\000i\000\341}{}% 91
\BOOKMARK [1][-]{section.4.1}{\376\377\000M\036\345\000c\000\040\000t\000i\000\352\000u\000\040\001\021\000\341\000n\000h\000\040\000g\000i\000\341\000\040\000v\000\340\000\040\000k\000h\000u\000n\000g\000\040\000c\000\342\000u\000\040\000h\036\317\000i\000\040\000n\000g\000h\000i\000\352\000n\000\040\000c\036\351\000u}{chapter.4}% 92
\BOOKMARK [1][-]{section.4.2}{\376\377\000T\000h\000i\036\277\000t\000\040\000k\036\277\000\040\000t\000h\036\361\000c\000\040\000n\000g\000h\000i\036\307\000m\000\040\000e\000n\000d\000-\000t\000o\000-\000e\000n\000d}{chapter.4}% 93
\BOOKMARK [1][-]{section.4.3}{\376\377\000M\000a\000p\000p\000i\000n\000g\000\040\000R\000Q\000\040\000-\000>\000\040\000M\000e\000t\000r\000i\000c\000\040\000-\000>\000\040\000E\000v\000i\000d\000e\000n\000c\000e}{chapter.4}% 94
\BOOKMARK [1][-]{section.4.4}{\376\377\000T\000i\000\352\000u\000\040\000c\000h\000\355\000\040\000v\000\340\000\040\001\021\036\331\000\040\001\021\000o\000\040\001\021\000\341\000n\000h\000\040\000g\000i\000\341}{chapter.4}% 95
\BOOKMARK [2][-]{subsection.4.4.1}{\376\377\000N\000h\000\363\000m\000\040\001\021\036\331\000\040\001\021\000o\000\040\000v\036\255\000n\000\040\000h\000\340\000n\000h}{section.4.4}% 96
\BOOKMARK [2][-]{subsection.4.4.2}{\376\377\000N\000h\000\363\000m\000\040\001\021\036\331\000\040\001\021\000o\000\040\000c\000h\036\245\000t\000\040\000l\001\260\036\343\000n\000g\000\040\000k\000h\000u\000y\036\277\000n\000\040\000n\000g\000h\036\313}{section.4.4}% 97
\BOOKMARK [2][-]{subsection.4.4.3}{\376\377\000N\000h\000\363\000m\000\040\001\021\036\331\000\040\001\021\000o\000\040\001\021\036\313\000n\000h\000\040\000l\001\260\036\343\000n\000g\000\040\000r\000o\000a\000d\000m\000a\000p}{section.4.4}% 98
\BOOKMARK [1][-]{section.4.5}{\376\377\000K\036\277\000t\000\040\000q\000u\036\243\000\040\000q\000u\000a\000n\000\040\000s\000\341\000t\000\040\000t\000h\000e\000o\000\040\000t\036\353\000n\000g\000\040\000s\000l\000i\000c\000e}{chapter.4}% 99
\BOOKMARK [2][-]{subsection.4.5.1}{\376\377\000S\000l\000i\000c\000e\000\040\000A\000:\000\040\000D\000a\000t\000a\000\040\000R\000e\000a\000d\000i\000n\000e\000s\000s}{section.4.5}% 100
\BOOKMARK [2][-]{subsection.4.5.2}{\376\377\000S\000l\000i\000c\000e\000\040\000B\000:\000\040\000C\000a\000n\000d\000i\000d\000a\000t\000e\000\040\000G\000e\000n\000e\000r\000a\000t\000i\000o\000n}{section.4.5}% 101
\BOOKMARK [2][-]{subsection.4.5.3}{\376\377\000S\000l\000i\000c\000e\000\040\000C\000:\000\040\000R\000a\000n\000k\000i\000n\000g\000\040\000\046\000\040\000E\000x\000p\000l\000a\000n\000a\000t\000i\000o\000n}{section.4.5}% 102
\BOOKMARK [2][-]{subsection.4.5.4}{\376\377\000S\000l\000i\000c\000e\000\040\000D\000:\000\040\000A\000T\000S\000\040\000W\000o\000r\000k\000f\000l\000o\000w}{section.4.5}% 103
\BOOKMARK [2][-]{subsection.4.5.5}{\376\377\000S\000l\000i\000c\000e\000\040\000E\000:\000\040\000R\000e\000l\000i\000a\000b\000i\000l\000i\000t\000y\000\040\000u\000n\000d\000e\000r\000\040\000d\000e\000g\000r\000a\000d\000a\000t\000i\000o\000n}{section.4.5}% 104
\BOOKMARK [1][-]{section.4.6}{\376\377\000P\000h\000\342\000n\000\040\000t\000\355\000c\000h\000\040\000p\000h\036\243\000n\000\040\000t\000h\036\361\000c\000\040\000\050\000c\000o\000u\000n\000t\000e\000r\000f\000a\000c\000t\000u\000a\000l\000\051\000\040\000t\000h\000e\000o\000\040\000b\000a\000s\000e\000l\000i\000n\000e}{chapter.4}% 105
\BOOKMARK [2][-]{subsection.4.6.1}{\376\377\000B\000a\000s\000e\000l\000i\000n\000e\000\040\000A\000:\000\040\000K\000e\000y\000w\000o\000r\000d\000-\000o\000n\000l\000y\000\040\000p\000i\000p\000e\000l\000i\000n\000e}{section.4.6}% 106
\BOOKMARK [2][-]{subsection.4.6.2}{\376\377\000B\000a\000s\000e\000l\000i\000n\000e\000\040\000B\000:\000\040\000D\000e\000n\000s\000e\000\040\000b\000l\000a\000c\000k\000b\000o\000x\000\040\000e\000n\000d\000-\000t\000o\000-\000e\000n\000d}{section.4.6}% 107
\BOOKMARK [2][-]{subsection.4.6.3}{\376\377\000B\000a\000s\000e\000l\000i\000n\000e\000\040\000C\000:\000\040\000K\000G\000-\000h\000e\000a\000v\000y\000\040\000+\000\040\000m\000u\000l\000t\000i\000-\000a\000g\000e\000n\000t}{section.4.6}% 108
\BOOKMARK [2][-]{subsection.4.6.4}{\376\377\000K\036\277\000t\000\040\000l\000u\036\255\000n\000\040\000p\000h\036\243\000n\000\040\000t\000h\036\361\000c}{section.4.6}% 109
\BOOKMARK [1][-]{section.4.7}{\376\377\000T\000h\000r\000e\000a\000t\000s\000\040\000t\000o\000\040\000V\000a\000l\000i\000d\000i\000t\000y}{chapter.4}% 110
\BOOKMARK [2][-]{subsection.4.7.1}{\376\377\000I\000n\000t\000e\000r\000n\000a\000l\000\040\000V\000a\000l\000i\000d\000i\000t\000y}{section.4.7}% 111
\BOOKMARK [2][-]{subsection.4.7.2}{\376\377\000C\000o\000n\000s\000t\000r\000u\000c\000t\000\040\000V\000a\000l\000i\000d\000i\000t\000y}{section.4.7}% 112
\BOOKMARK [2][-]{subsection.4.7.3}{\376\377\000E\000x\000t\000e\000r\000n\000a\000l\000\040\000V\000a\000l\000i\000d\000i\000t\000y}{section.4.7}% 113
\BOOKMARK [2][-]{subsection.4.7.4}{\376\377\000C\000o\000n\000c\000l\000u\000s\000i\000o\000n\000\040\000V\000a\000l\000i\000d\000i\000t\000y}{section.4.7}% 114
\BOOKMARK [1][-]{section.4.8}{\376\377\000B\036\243\000n\000g\000\040\000t\036\325\000n\000g\000\040\000h\036\343\000p\000\040\000m\036\351\000c\000\040\001\021\036\331\000\040\001\021\000\341\000p\000\040\036\351\000n\000g\000\040\000h\000i\036\307\000n\000\040\000t\036\241\000i}{chapter.4}% 115
\BOOKMARK [1][-]{section.4.9}{\376\377\000R\000o\000a\000d\000m\000a\000p\000\040\000n\000g\000h\000i\000\352\000n\000\040\000c\036\351\000u\000\040\000v\000\340\000\040\000n\000\342\000n\000g\000\040\000c\036\245\000p\000\040\000b\000a\000\040\000g\000i\000a\000i\000\040\001\021\000o\036\241\000n}{chapter.4}% 116
\BOOKMARK [2][-]{subsection.4.9.1}{\376\377\000N\000e\000a\000r\000-\000t\000e\000r\000m\000\040\000\050\0000\040\023\0003\000\040\000t\000h\000\341\000n\000g\000\051}{section.4.9}% 117
\BOOKMARK [2][-]{subsection.4.9.2}{\376\377\000M\000i\000d\000-\000t\000e\000r\000m\000\040\000\050\0003\040\023\0009\000\040\000t\000h\000\341\000n\000g\000\051}{section.4.9}% 118
\BOOKMARK [2][-]{subsection.4.9.3}{\376\377\000L\000o\000n\000g\000-\000t\000e\000r\000m\000\040\000\050\0009\000+\000\040\000t\000h\000\341\000n\000g\000\051}{section.4.9}% 119
\BOOKMARK [1][-]{section.4.10}{\376\377\000P\000r\000o\000t\000o\000c\000o\000l\000\040\000t\000h\036\361\000c\000\040\000n\000g\000h\000i\036\307\000m\000\040\000c\000h\000i\000\040\000t\000i\036\277\000t\000\040\000c\000h\000o\000\040\000t\036\353\000n\000g\000\040\000R\000Q}{chapter.4}% 120
\BOOKMARK [1][-]{section.4.11}{\376\377\000P\000h\000\342\000n\000\040\000t\000\355\000c\000h\000\040\001\021\036\331\000\040\000n\000h\036\241\000y\000\040\000\050\000s\000e\000n\000s\000i\000t\000i\000v\000i\000t\000y\000\040\000a\000n\000a\000l\000y\000s\000i\000s\000\051\000\040\000t\000h\000e\000o\000\040\000t\000h\000a\000m\000\040\000s\036\321\000\040\000k\000i\036\277\000n\000\040\000t\000r\000\372\000c}{chapter.4}% 121
\BOOKMARK [1][-]{section.4.12}{\376\377\000A\000b\000l\000a\000t\000i\000o\000n\000\040\000f\000r\000a\000m\000e\000w\000o\000r\000k\000\040\000c\000h\000o\000\040\000k\000i\036\277\000n\000\040\000t\000r\000\372\000c\000\040\000n\000h\000i\036\301\000u\000\040\000t\036\247\000n\000g}{chapter.4}% 122
\BOOKMARK [1][-]{section.4.13}{\376\377\000K\000h\000u\000y\036\277\000n\000\040\000n\000g\000h\036\313\000\040\000c\000h\000u\036\251\000n\000\040\000h\000\363\000a\000\040\000b\000\341\000o\000\040\000c\000\341\000o\000\040\000k\036\277\000t\000\040\000q\000u\036\243\000\040\000c\000h\000o\000\040\000h\036\331\000i\000\040\001\021\036\323\000n\000g}{chapter.4}% 123
\BOOKMARK [1][-]{section.4.14}{\376\377\000R\036\347\000i\000\040\000r\000o\000\040\000t\000r\000i\036\303\000n\000\040\000k\000h\000a\000i\000\040\000k\000h\000i\000\040\000m\036\337\000\040\000r\036\331\000n\000g\000\040\000t\036\353\000\040\000M\000V\000P\000\040\000l\000\352\000n\000\040\000p\000r\000o\000d\000u\000c\000t\000i\000o\000n}{chapter.4}% 124
\BOOKMARK [1][-]{section.4.15}{\376\377\000G\000o\000v\000e\000r\000n\000a\000n\000c\000e\000\040\000t\000h\036\361\000c\000\040\000n\000g\000h\000i\036\307\000m\000\040\000v\000\340\000\040\000k\000h\036\243\000\040\000n\001\003\000n\000g\000\040\000t\000\341\000i\000\040\000l\036\255\000p\000\040\000k\036\277\000t\000\040\000q\000u\036\243}{chapter.4}% 125
\BOOKMARK [1][-]{section.4.16}{\376\377\000P\000h\000\342\000n\000\040\000t\000\355\000c\000h\000\040\000c\000h\000i\000\040\000p\000h\000\355\000\040\000v\036\255\000n\000\040\000h\000\340\000n\000h\000\040\000t\000h\000e\000o\000\040\000b\000a\000s\000e\000l\000i\000n\000e\000\040\000v\000\340\000\040\000n\000g\001\260\036\341\000n\000g\000\040\001\021\036\247\000u\000\040\000t\001\260}{chapter.4}% 126
\BOOKMARK [1][-]{section.4.17}{\376\377\000P\000h\000\342\000n\000\040\000t\000\355\000c\000h\000\040\000l\036\327\000i\000\040\000t\000h\000e\000o\000\040\000e\000r\000r\000o\000r\000\040\000b\000u\000c\000k\000e\000t\000\040\000v\000\340\000\040\000g\000i\000\341\000\040\000t\000r\036\313\000\040\000c\000h\000o\000\040\000r\000o\000a\000d\000m\000a\000p}{chapter.4}% 127
\BOOKMARK [1][-]{section.4.18}{\376\377\000K\000h\000u\000n\000g\000\040\000b\000\341\000o\000\040\000c\000\341\000o\000\040\000n\000e\000g\000a\000t\000i\000v\000e\000\040\000r\000e\000s\000u\000l\000t\000s\000\040\000v\000\340\000\040\000q\000u\000y\036\277\000t\000\040\001\021\036\313\000n\000h\000\040\000d\036\353\000n\000g\000\040\000s\036\333\000m}{chapter.4}% 128
\BOOKMARK [1][-]{section.4.19}{\376\377\000K\036\277\000t\000\040\000l\000u\036\255\000n\000\040\000c\000h\001\260\001\241\000n\000g}{chapter.4}% 129
\BOOKMARK [0][-]{chapter*.39}{\376\377\000K\036\277\000t\000\040\000l\000u\036\255\000n}{}% 130
\BOOKMARK [1][-]{section*.40}{\376\377\000K\036\277\000t\000\040\000q\000u\036\243\000\040\001\021\036\241\000t\000\040\001\021\001\260\036\343\000c}{chapter*.39}% 131
\BOOKMARK [1][-]{section*.40}{\376\377\000H\036\241\000n\000\040\000c\000h\036\277}{chapter*.39}% 132
\BOOKMARK [1][-]{section*.40}{\376\377\000H\001\260\036\333\000n\000g\000\040\000p\000h\000\341\000t\000\040\000t\000r\000i\036\303\000n}{chapter*.39}% 133
\BOOKMARK [1][-]{section*.40}{\376\377\000K\036\277\000t\000\040\000l\000u\036\255\000n\000\040\000c\000h\000u\000n\000g}{chapter*.39}% 134
\BOOKMARK [0][-]{chapter*.41}{\376\377\000T\000\340\000i\000\040\000l\000i\036\307\000u\000\040\000t\000h\000a\000m\000\040\000k\000h\036\243\000o}{}% 135
\BOOKMARK [0][-]{appendix.A}{\376\377\000P\000h\036\345\000\040\000l\036\345\000c\000\040\000m\000\364\000\040\000h\000\354\000n\000h\000\040\000x\036\355\000\040\000l\000\375\000\040\000v\000\340\000\040\000t\000r\000u\000y\000\040\000v\036\277\000t\000\040\000n\000g\000h\000i\000\352\000n\000\040\000c\036\351\000u}{}% 136
\BOOKMARK [1][-]{section.A.1}{\376\377\000B\036\243\000n\000\040\001\021\036\323\000\040\000c\000h\036\351\000c\000\040\000n\001\003\000n\000g\000\040\036\337\000\040\000m\036\351\000c\000\040\000k\000h\000\341\000i\000\040\000n\000i\036\307\000m}{appendix.A}% 137
\BOOKMARK [1][-]{section.A.2}{\376\377\000M\000\364\000\040\000h\000\354\000n\000h\000\040\000d\036\357\000\040\000l\000i\036\307\000u\000\040\036\337\000\040\000m\036\351\000c\000\040\000n\000g\000h\000i\036\307\000p\000\040\000v\036\345}{appendix.A}% 138
\BOOKMARK [1][-]{section.A.3}{\376\377\000K\000h\000u\000n\000g\000\040\000g\000i\036\243\000i\000\040\000t\000h\000\355\000c\000h\000\040\000k\036\277\000t\000\040\000q\000u\036\243\000\040\000s\000o\000\040\000k\000h\036\333\000p}{appendix.A}% 139
\BOOKMARK [1][-]{section.A.4}{\376\377\000K\000h\000u\000n\000g\000\040\000t\000r\000u\000y\000\040\000v\036\277\000t\000\040\000n\000g\000u\036\323\000n\000\040\000t\000r\000i\000\040\000t\000h\036\351\000c}{appendix.A}% 140
\BOOKMARK [1][-]{section.A.5}{\376\377\000C\000h\000e\000c\000k\000l\000i\000s\000t\000\040\000d\000u\000y\000\040\000t\000r\000\354\000\040\000c\000h\036\245\000t\000\040\000l\001\260\036\343\000n\000g\000\040\000b\000\341\000o\000\040\000c\000\341\000o}{appendix.A}% 141
